#
# There is insufficient memory for the Java Runtime Environment to continue.
# Native memory allocation (mmap) failed to map 132120576 bytes for G1 virtual space
# Possible reasons:
#   The system is out of physical RAM or swap space
#   The process is running with CompressedOops enabled, and the Java Heap may be blocking the growth of the native heap
# Possible solutions:
#   Reduce memory load on the system
#   Increase physical memory or swap space
#   Check if swap backing store is full
#   Decrease Java heap size (-Xmx/-Xms)
#   Decrease number of Java threads
#   Decrease Java thread stack sizes (-Xss)
#   Set larger code cache with -XX:ReservedCodeCacheSize=
#   JVM is running with Unscaled Compressed Oops mode in which the Java heap is
#     placed in the first 4GB address space. The Java Heap base address is the
#     maximum limit for the native heap growth. Please use -XX:HeapBaseMinAddress
#     to set the Java Heap base and to place the Java Heap above 4GB virtual address.
# This output file may be truncated or incomplete.
#
#  Out of Memory Error (os_windows.cpp:3617), pid=19728, tid=19736
#
# JRE version:  (17.0.8+7) (build )
# Java VM: OpenJDK 64-Bit Server VM (17.0.8+7-jvmci-23.0-b15, mixed mode, sharing, tiered, jvmci, jvmci compiler, compressed oops, compressed class ptrs, g1 gc, windows-amd64)
# No core dump will be written. Minidumps are not enabled by default on client versions of Windows
#

---------------  S U M M A R Y ------------

Command Line: -XX:ThreadPriorityPolicy=1 -XX:+UnlockExperimentalVMOptions -XX:+EnableJVMCIProduct -XX:-UnlockExperimentalVMOptions -ea -Didea.test.cyclic.buffer.size=1048576 -javaagent:C:\Program Files\JetBrains\IntelliJ IDEA Community Edition 2023.2\lib\idea_rt.jar=50421:C:\Program Files\JetBrains\IntelliJ IDEA Community Edition 2023.2\bin -Dfile.encoding=UTF-8 com.intellij.rt.junit.JUnitStarter -ideVersion5 -junit5 FlightFilterImplTest

Host: Intel(R) Core(TM) i7-9700 CPU @ 3.00GHz, 8 cores, 7G,  Windows 11 , 64 bit Build 22000 (10.0.22000.318)
Time: Fri Nov 17 00:43:16 2023 RTZ 2 (s 11 , 64 bit Build 22000 (10.0.22000.318) elapsed time: 0.014111 seconds (0d 0h 0m 0s)

---------------  T H R E A D  ---------------

Current thread (0x000001b5b8e8c610):  JavaThread "Unknown thread" [_thread_in_vm, id=19736, stack(0x0000002901800000,0x0000002901900000)]

Stack: [0x0000002901800000,0x0000002901900000]
Native frames: (J=compiled Java code, j=interpreted, Vv=VM code, C=native code)
V  [jvm.dll+0x66a6da]
V  [jvm.dll+0x7cadde]
V  [jvm.dll+0x7cc72e]
V  [jvm.dll+0x7ccde3]
V  [jvm.dll+0x24560f]
V  [jvm.dll+0x667449]
V  [jvm.dll+0x65bdba]
V  [jvm.dll+0x302d06]
V  [jvm.dll+0x30a226]
V  [jvm.dll+0x359b1e]
V  [jvm.dll+0x359d4f]
V  [jvm.dll+0x2d9f48]
V  [jvm.dll+0x2daeb4]
V  [jvm.dll+0x79d381]
V  [jvm.dll+0x3676d1]
V  [jvm.dll+0x77c778]
V  [jvm.dll+0x3eaa0f]
V  [jvm.dll+0x3ec521]
C  [jli.dll+0x5287]
C  [ucrtbase.dll+0x26c0c]
C  [KERNEL32.DLL+0x154e0]
C  [ntdll.dll+0x485b]


---------------  P R O C E S S  ---------------

Threads class SMR info:
_java_thread_list=0x00007fff56a88a98, length=0, elements={
}

Java Threads: ( => current thread )

Other Threads:
  0x000001b5b8ee7450 GCTaskThread "GC Thread#0" [stack: 0x0000002901900000,0x0000002901a00000] [id=1912]
  0x000001b5b8ef8d70 ConcurrentGCThread "G1 Main Marker" [stack: 0x0000002901a00000,0x0000002901b00000] [id=19984]
  0x000001b5b8ef9780 ConcurrentGCThread "G1 Conc#0" [stack: 0x0000002901b00000,0x0000002901c00000] [id=9004]

[error occurred during error reporting (printing all threads), id 0xc0000005, EXCEPTION_ACCESS_VIOLATION (0xc0000005) at pc=0x00007fff562cab37]

VM state: not at safepoint (not fully initialized)

VM Mutex/Monitor currently owned by a thread:  ([mutex/lock_event])
[0x000001b5b8e85720] Heap_lock - owner thread: 0x000001b5b8e8c610

Heap address: 0x0000000083200000, size: 1998 MB, Compressed Oops mode: 32-bit

CDS archive(s) mapped at: [0x0000000000000000-0x0000000000000000-0x0000000000000000), size 0, SharedBaseAddress: 0x0000000800000000, ArchiveRelocationMode: 1.
Narrow klass base: 0x0000000000000000, Narrow klass shift: 0, Narrow klass range: 0x0

GC Precious Log:
<Empty>

Heap:
 garbage-first heap   total 0K, used 0K [0x0000000083200000, 0x0000000100000000)
  region size 1024K, 0 young (0K), 0 survivors (0K)

[error occurred during error reporting (printing heap information), id 0xc0000005, EXCEPTION_ACCESS_VIOLATION (0xc0000005) at pc=0x00007fff566a3e79]

GC Heap History (0 events):
No events

Dll operation events (1 events):
Event: 0.007 Loaded shared library C:\Users\ffols\.jdks\graalvm-jdk-17.0.8\bin\java.dll

Deoptimization events (0 events):
No events

Classes unloaded (0 events):
No events

Classes redefined (0 events):
No events

Internal exceptions (0 events):
No events

VM Operations (0 events):
No events

Events (0 events):
No events


Dynamic libraries:
0x00007ff65c5b0000 - 0x00007ff65c5be000 	C:\Users\ffols\.jdks\graalvm-jdk-17.0.8\bin\java.exe
0x00007ffffa140000 - 0x00007ffffa347000 	C:\WINDOWS\SYSTEM32\ntdll.dll
0x00007ffff9be0000 - 0x00007ffff9c9d000 	C:\WINDOWS\System32\KERNEL32.DLL
0x00007ffff76a0000 - 0x00007ffff7a14000 	C:\WINDOWS\System32\KERNELBASE.dll
0x00007ffff7cd0000 - 0x00007ffff7de1000 	C:\WINDOWS\System32\ucrtbase.dll
0x00007ffff1a40000 - 0x00007ffff1a57000 	C:\Users\ffols\.jdks\graalvm-jdk-17.0.8\bin\jli.dll
0x00007fffe3000000 - 0x00007fffe301b000 	C:\Users\ffols\.jdks\graalvm-jdk-17.0.8\bin\VCRUNTIME140.dll
0x00007ffff9f50000 - 0x00007ffffa0fc000 	C:\WINDOWS\System32\USER32.dll
0x00007ffff7c00000 - 0x00007ffff7c26000 	C:\WINDOWS\System32\win32u.dll
0x00007fffd4760000 - 0x00007fffd4a05000 	C:\WINDOWS\WinSxS\amd64_microsoft.windows.common-controls_6595b64144ccf1df_6.0.22000.120_none_9d947278b86cc467\COMCTL32.dll
0x00007ffff8750000 - 0x00007ffff8779000 	C:\WINDOWS\System32\GDI32.dll
0x00007ffff8fe0000 - 0x00007ffff9083000 	C:\WINDOWS\System32\msvcrt.dll
0x00007ffff7ae0000 - 0x00007ffff7bf2000 	C:\WINDOWS\System32\gdi32full.dll
0x00007ffff7c30000 - 0x00007ffff7ccd000 	C:\WINDOWS\System32\msvcp_win.dll
0x00007ffff9d60000 - 0x00007ffff9d91000 	C:\WINDOWS\System32\IMM32.DLL
0x00007ffff0c10000 - 0x00007ffff0c1c000 	C:\Users\ffols\.jdks\graalvm-jdk-17.0.8\bin\vcruntime140_1.dll
0x00007fffd4bb0000 - 0x00007fffd4c3e000 	C:\Users\ffols\.jdks\graalvm-jdk-17.0.8\bin\msvcp140.dll
0x00007fff55fe0000 - 0x00007fff56bb1000 	C:\Users\ffols\.jdks\graalvm-jdk-17.0.8\bin\server\jvm.dll
0x00007ffff81a0000 - 0x00007ffff824c000 	C:\WINDOWS\System32\ADVAPI32.dll
0x00007ffff8f40000 - 0x00007ffff8fdd000 	C:\WINDOWS\System32\sechost.dll
0x00007ffff9090000 - 0x00007ffff91b1000 	C:\WINDOWS\System32\RPCRT4.dll
0x00007ffff74f0000 - 0x00007ffff753d000 	C:\WINDOWS\SYSTEM32\POWRPROF.dll
0x00007fffd41f0000 - 0x00007fffd41f9000 	C:\WINDOWS\SYSTEM32\WSOCK32.dll
0x00007fffeec20000 - 0x00007fffeec2a000 	C:\WINDOWS\SYSTEM32\VERSION.dll
0x00007ffff91d0000 - 0x00007ffff923f000 	C:\WINDOWS\System32\WS2_32.dll
0x00007ffff1240000 - 0x00007ffff1273000 	C:\WINDOWS\SYSTEM32\WINMM.dll
0x00007ffff74d0000 - 0x00007ffff74e3000 	C:\WINDOWS\SYSTEM32\UMPDC.dll
0x00007ffff59b0000 - 0x00007ffff59c8000 	C:\WINDOWS\SYSTEM32\kernel.appcore.dll
0x00007fffe2b20000 - 0x00007fffe2b2a000 	C:\Users\ffols\.jdks\graalvm-jdk-17.0.8\bin\jimage.dll
0x00007ffff4e70000 - 0x00007ffff5091000 	C:\WINDOWS\SYSTEM32\DBGHELP.DLL
0x00007fffe35f0000 - 0x00007fffe3621000 	C:\WINDOWS\SYSTEM32\dbgcore.DLL
0x00007ffff7620000 - 0x00007ffff76a0000 	C:\WINDOWS\System32\bcryptPrimitives.dll
0x00007ffff34c0000 - 0x00007ffff34ce000 	C:\Users\ffols\.jdks\graalvm-jdk-17.0.8\bin\instrument.dll
0x00007fffe2960000 - 0x00007fffe2985000 	C:\Users\ffols\.jdks\graalvm-jdk-17.0.8\bin\java.dll

dbghelp: loaded successfully - version: 4.0.5 - missing functions: none
symbol engine: initialized successfully - sym options: 0x614 - pdb path: .;C:\Users\ffols\.jdks\graalvm-jdk-17.0.8\bin;C:\WINDOWS\SYSTEM32;C:\WINDOWS\WinSxS\amd64_microsoft.windows.common-controls_6595b64144ccf1df_6.0.22000.120_none_9d947278b86cc467;C:\Users\ffols\.jdks\graalvm-jdk-17.0.8\bin\server

VM Arguments:
jvm_args: -XX:ThreadPriorityPolicy=1 -XX:+UnlockExperimentalVMOptions -XX:+EnableJVMCIProduct -XX:-UnlockExperimentalVMOptions -ea -Didea.test.cyclic.buffer.size=1048576 -javaagent:C:\Program Files\JetBrains\IntelliJ IDEA Community Edition 2023.2\lib\idea_rt.jar=50421:C:\Program Files\JetBrains\IntelliJ IDEA Community Edition 2023.2\bin -Dfile.encoding=UTF-8 
java_command: com.intellij.rt.junit.JUnitStarter -ideVersion5 -junit5 FlightFilterImplTest
java_class_path (initial): C:\Users\ffols\.m2\repository\org\junit\platform\junit-platform-launcher\1.9.3\junit-platform-launcher-1.9.3.jar;C:\Users\ffols\.m2\repository\org\junit\vintage\junit-vintage-engine\5.9.3\junit-vintage-engine-5.9.3.jar;C:\Program Files\JetBrains\IntelliJ IDEA Community Edition 2023.2\lib\idea_rt.jar;C:\Program Files\JetBrains\IntelliJ IDEA Community Edition 2023.2\plugins\junit\lib\junit5-rt.jar;C:\Program Files\JetBrains\IntelliJ IDEA Community Edition 2023.2\plugins\junit\lib\junit-rt.jar;C:\Users\ffols\IdeaProjects\SystemThatHandlesAirTravel\target\test-classes;C:\Users\ffols\IdeaProjects\SystemThatHandlesAirTravel\target\classes;C:\Users\ffols\.m2\repository\org\junit\jupiter\junit-jupiter\5.9.3\junit-jupiter-5.9.3.jar;C:\Users\ffols\.m2\repository\org\junit\jupiter\junit-jupiter-api\5.9.3\junit-jupiter-api-5.9.3.jar;C:\Users\ffols\.m2\repository\org\opentest4j\opentest4j\1.2.0\opentest4j-1.2.0.jar;C:\Users\ffols\.m2\repository\org\junit\platform\junit-platform-commons\1.9.3\junit-platform-commons-1.9.3.jar;C:\Users\ffols\.m2\repository\org\apiguardian\apiguardian-api\1.1.2\apiguardian-api-1.1.2.jar;C:\Users\ffols\.m2\repository\org\junit\jupiter\junit-jupiter-params\5.9.3\junit-jupiter-params-5.9.3.jar;C:\Users\ffols\.m2\repository\org\junit\jupiter\junit-jupiter-engine\5.9.3\junit-jupiter-engine-5.9.3.jar;C:\Users\ffols\.m2\repository\org\junit\platform\junit-platform-engine\1.9.3\junit-platform-engine-1.9.3.jar;C:\Users\ffols\.m2\repository\junit\junit\4.13.2\junit-4.13.2.jar;C:\Users\ffols\.m2\repository\org\hamcrest\hamcrest-core\1.3\hamcrest-core-1.3.jar
Launcher Type: SUN_STANDARD

[Global flags]
     intx CICompilerCount                          = 4                                         {product} {ergonomic}
     uint ConcGCThreads                            = 2                                         {product} {ergonomic}
     bool EnableJVMCIProduct                       = true                                {JVMCI product} {jimage}
     uint G1ConcRefinementThreads                  = 8                                         {product} {ergonomic}
   size_t G1HeapRegionSize                         = 1048576                                   {product} {ergonomic}
    uintx GCDrainStackTargetSize                   = 64                                        {product} {ergonomic}
   size_t InitialHeapSize                          = 132120576                                 {product} {ergonomic}
   size_t MarkStackSize                            = 4194304                                   {product} {ergonomic}
   size_t MaxHeapSize                              = 2095054848                                {product} {ergonomic}
   size_t MinHeapDeltaBytes                        = 1048576                                   {product} {ergonomic}
   size_t MinHeapSize                              = 8388608                                   {product} {ergonomic}
    uintx NonNMethodCodeHeapSize                   = 6979620                                {pd product} {ergonomic}
    uintx NonProfiledCodeHeapSize                  = 122339310                              {pd product} {ergonomic}
    uintx ProfiledCodeHeapSize                     = 122339310                              {pd product} {ergonomic}
    uintx ReservedCodeCacheSize                    = 251658240                              {pd product} {ergonomic}
     bool SegmentedCodeCache                       = true                                      {product} {ergonomic}
   size_t SoftMaxHeapSize                          = 2095054848                             {manageable} {ergonomic}
     intx ThreadPriorityPolicy                     = 1                                         {product} {jimage}
     bool UseCompressedClassPointers               = true                           {product lp64_product} {ergonomic}
     bool UseCompressedOops                        = true                           {product lp64_product} {ergonomic}
     bool UseG1GC                                  = true                                      {product} {ergonomic}
     bool UseLargePagesIndividualAllocation        = false                                  {pd product} {ergonomic}

Logging:
Log output configuration:
 #0: stdout all=warning uptime,level,tags
 #1: stderr all=off uptime,level,tags

Environment Variables:
JAVA_HOME=C:\Users\ffols\.jdks\corretto-11.0.18; C:\Program Files\Java\jdk-17
PATH=C:\Windows\system32;C:\Windows;C:\Windows\System32\Wbem;C:\Windows\System32\WindowsPowerShell\v1.0\;C:\Windows\System32\OpenSSH\;C:\Program Files\Intel\WiFi\bin\;C:\Program Files\Common Files\Intel\WirelessCommon\;C:\Program Files (x86)\NVIDIA Corporation\PhysX\Common;C:\Program Files (x86)\Windows Live\Shared;C:\WINDOWS\system32;C:\WINDOWS;C:\WINDOWS\System32\Wbem;C:\WINDOWS\System32\WindowsPowerShell\v1.0\;C:\WINDOWS\System32\OpenSSH\;%JAVA_HOME%\bin;C:\Program Files\Git\cmd;C:\Program Files\Docker\Docker\resources\bin;C:\Users\ffols\.jdks\corretto-11.0.18; C:\Program Files\Java\jdk-17\bin;C:\Users\ffols\AppData\Local\GitHubDesktop\bin
USERNAME=ffols
OS=Windows_NT
PROCESSOR_IDENTIFIER=Intel64 Family 6 Model 158 Stepping 13, GenuineIntel
TMP=C:\Users\ffols\AppData\Local\Temp
TEMP=C:\Users\ffols\AppData\Local\Temp



---------------  S Y S T E M  ---------------

OS:
 Windows 11 , 64 bit Build 22000 (10.0.22000.318)
OS uptime: 0 days 23:34 hours
Hyper-V role detected

CPU: total 8 (initial active 8) (8 cores per cpu, 1 threads per core) family 6 model 158 stepping 13 microcode 0xde, cx8, cmov, fxsr, mmx, 3dnowpref, sse, sse2, sse3, ssse3, sse4.1, sse4.2, popcnt, lzcnt, tsc, tscinvbit, avx, avx2, aes, erms, clmul, bmi1, bmi2, adx, fma, vzeroupper, clflush, clflushopt, hv
Processor Information for all 8 processors :
  Max Mhz: 3000, Current Mhz: 3000, Mhz Limit: 3000

Memory: 4k page, system-wide physical 7989M (336M free)
TotalPageFile size 32565M (AvailPageFile size 89M)
current process WorkingSet (physical memory assigned to process): 11M, peak: 11M
current process commit charge ("private bytes"): 60M, peak: 186M

vm_info: OpenJDK 64-Bit Server VM (17.0.8+7-jvmci-23.0-b15) for windows-amd64 JRE (17.0.8+7-jvmci-23.0-b15), built on Jul 19 2023 13:49:17 by "" with MS VC++ 17.1 (VS2022)

END.
